\BOOKMARK [1][-]{section.1}{Fundamental\040Basis\040Of\040Fracture\040Mechanics}{}% 1
\BOOKMARK [2][-]{subsection.1.1}{Defining\040Fracture}{section.1}% 2
\BOOKMARK [2][-]{subsection.1.2}{Elastic\040Stress\040Field}{section.1}% 3
\BOOKMARK [2][-]{subsection.1.3}{Griffith\040Criterion}{section.1}% 4
\BOOKMARK [2][-]{subsection.1.4}{The\040Extension\040Of\040The\040Griffith\040Criterion}{section.1}% 5
\BOOKMARK [3][-]{subsubsection.1.4.1}{Global\040Energy\040Balance\040Theory}{subsection.1.4}% 6
\BOOKMARK [3][-]{subsubsection.1.4.2}{Sharp\040Notch\040Analysis}{subsection.1.4}% 7
\BOOKMARK [2][-]{subsection.1.5}{Fracture\040Process\040Zone}{section.1}% 8
\BOOKMARK [2][-]{subsection.1.6}{Fracture\040Toughness\040And\040Fracure\040Ductility}{section.1}% 9
\BOOKMARK [1][-]{section.2}{Computational\040Fracture\040Mechanics}{}% 10
\BOOKMARK [2][-]{subsection.2.1}{Numerical\040Methods\040For\040Solution\040Of\040Fracture\040Problems}{section.2}% 11
\BOOKMARK [2][-]{subsection.2.2}{Impact\040Of\040FEM\040On\040LEFM}{section.2}% 12
\BOOKMARK [3][-]{subsubsection.2.2.1}{Stress\040Intensity\040Factors}{subsection.2.2}% 13
\BOOKMARK [3][-]{subsubsection.2.2.2}{Energy\040Release\040And\040J-integral}{subsection.2.2}% 14
\BOOKMARK [1][-]{section.3}{Probabilistic\040Fracture\040Mechanics}{}% 15
\BOOKMARK [2][-]{subsection.3.1}{General}{section.3}% 16
\BOOKMARK [2][-]{subsection.3.2}{Statistical\040Basis\040Of\040PFM}{section.3}% 17
\BOOKMARK [2][-]{subsection.3.3}{Flaw\040Distribution}{section.3}% 18
\BOOKMARK [2][-]{subsection.3.4}{Non-Destructive\040Testing\(NDT\)}{section.3}% 19
\BOOKMARK [2][-]{subsection.3.5}{Material\040Properties}{section.3}% 20
\BOOKMARK [2][-]{subsection.3.6}{Fatigue}{section.3}% 21
\BOOKMARK [2][-]{subsection.3.7}{Mathematical\040Techniques}{section.3}% 22
\BOOKMARK [1][-]{section.4}{Probabilistic\040fracture\040mechanics\040by\040using\040Monte\040Carlo\040simulation\040and\040the\040scaled\040boundary\040finite\040element\040method}{}% 23
\BOOKMARK [2][-]{subsection.4.1}{Scaled\040Boundary\040Finite\040Element\040Method\(SBFEM\)\040For\040Shape\040Sensitivity\040Analysis}{section.4}% 24
\BOOKMARK [3][-]{subsubsection.4.1.1}{Summary\040of\040the\040scaled\040boundary\040finite\040element\040method\040for\040fracture\040analysis}{subsection.4.1}% 25
\BOOKMARK [3][-]{subsubsection.4.1.2}{Evaluation\040of\040stress\040intensity\040factors}{subsection.4.1}% 26
\BOOKMARK [3][-]{subsubsection.4.1.3}{Shape\040sensitivity}{subsection.4.1}% 27
\BOOKMARK [2][-]{subsection.4.2}{Fracture\040Failure\040Criteria}{section.4}% 28
\BOOKMARK [3][-]{subsubsection.4.2.1}{Mode-I\040failure}{subsection.4.2}% 29
\BOOKMARK [3][-]{subsubsection.4.2.2}{Mixed-Mode\040Failure}{subsection.4.2}% 30
\BOOKMARK [2][-]{subsection.4.3}{Monte\040Carlo\040Simulation\040\(MCS\)\040method}{section.4}% 31
\BOOKMARK [3][-]{subsubsection.4.3.1}{The\040deterministic\040fracture\040mechanics\040problem}{subsection.4.3}% 32
\BOOKMARK [3][-]{subsubsection.4.3.2}{Distributions\040of\040the\040input\040random\040variables\040C,\040,\040Ai}{subsection.4.3}% 33
\BOOKMARK [3][-]{subsubsection.4.3.3}{The\040probabilistic\040analysis}{subsection.4.3}% 34
\BOOKMARK [3][-]{subsubsection.4.3.4}{Probabilistic\040addition\040of\040crack\040initiation\040cycles}{subsection.4.3}% 35
\BOOKMARK [3][-]{subsubsection.4.3.5}{Direct\040Monte\040Carlo\040Reliability}{subsection.4.3}% 36
\BOOKMARK [2][-]{subsection.4.4}{Summary\040Of\040Monte\040Carlo\040Probabilistic\040Method}{section.4}% 37
\BOOKMARK [1][-]{section.5}{Conclusion}{}% 38
